c:\users\vovka\workspace\riderprojects\vamosgameengine\vamosgameengine\x64\debug\vc143.pdb
c:\users\vovka\workspace\riderprojects\vamosgameengine\vamosgameengine\x64\debug\vc143.idb
c:\users\vovka\workspace\riderprojects\vamosgameengine\vamosgameengine\x64\debug\imgui_impl_win32.obj
c:\users\vovka\workspace\riderprojects\vamosgameengine\vamosgameengine\x64\debug\imgui_impl_dx11.obj
c:\users\vovka\workspace\riderprojects\vamosgameengine\vamosgameengine\x64\debug\imgui_draw.obj
c:\users\vovka\workspace\riderprojects\vamosgameengine\vamosgameengine\x64\debug\imgui.obj
c:\users\vovka\workspace\riderprojects\vamosgameengine\vamosgameengine\x64\debug\timer.obj
c:\users\vovka\workspace\riderprojects\vamosgameengine\vamosgameengine\x64\debug\stringhelper.obj
c:\users\vovka\workspace\riderprojects\vamosgameengine\vamosgameengine\x64\debug\errorlogger.obj
c:\users\vovka\workspace\riderprojects\vamosgameengine\vamosgameengine\x64\debug\delegate.obj
c:\users\vovka\workspace\riderprojects\vamosgameengine\vamosgameengine\x64\debug\texture.obj
c:\users\vovka\workspace\riderprojects\vamosgameengine\vamosgameengine\x64\debug\model.obj
c:\users\vovka\workspace\riderprojects\vamosgameengine\vamosgameengine\x64\debug\mesh.obj
c:\users\vovka\workspace\riderprojects\vamosgameengine\vamosgameengine\x64\debug\gameobject.obj
c:\users\vovka\workspace\riderprojects\vamosgameengine\vamosgameengine\x64\debug\shaders.obj
c:\users\vovka\workspace\riderprojects\vamosgameengine\vamosgameengine\x64\debug\graphics.obj
c:\users\vovka\workspace\riderprojects\vamosgameengine\vamosgameengine\x64\debug\camera.obj
c:\users\vovka\workspace\riderprojects\vamosgameengine\vamosgameengine\x64\debug\adapters.obj
c:\users\vovka\workspace\riderprojects\vamosgameengine\vamosgameengine\x64\debug\window.obj
c:\users\vovka\workspace\riderprojects\vamosgameengine\vamosgameengine\x64\debug\inputdevice.obj
c:\users\vovka\workspace\riderprojects\vamosgameengine\vamosgameengine\x64\debug\gameengine.obj
c:\users\vovka\workspace\riderprojects\vamosgameengine\vamosgameengine\x64\debug\engine.obj
c:\users\vovka\workspace\riderprojects\vamosgameengine\vamosgameengine\x64\debug\vamosgameengine.obj
c:\users\vovka\workspace\riderprojects\vamosgameengine\vamosgameengine\x64\debug\imgui_widgets.obj
c:\users\vovka\workspace\riderprojects\vamosgameengine\vamosgameengine\x64\debug\imgui_tables.obj
c:\users\vovka\workspace\riderprojects\vamosgameengine\vamosgameengine\x64\debug\vamosgameengine.ilk
c:\users\vovka\workspace\riderprojects\vamosgameengine\x64\debug\vamosgameengine.exe
c:\users\vovka\workspace\riderprojects\vamosgameengine\x64\debug\vamosgameengine.pdb
c:\users\vovka\workspace\riderprojects\vamosgameengine\vamosgameengine\x64\debug\vamosgameengine.tlog\cl.command.1.tlog
c:\users\vovka\workspace\riderprojects\vamosgameengine\vamosgameengine\x64\debug\vamosgameengine.tlog\cl.items.tlog
c:\users\vovka\workspace\riderprojects\vamosgameengine\vamosgameengine\x64\debug\vamosgameengine.tlog\cl.read.1.tlog
c:\users\vovka\workspace\riderprojects\vamosgameengine\vamosgameengine\x64\debug\vamosgameengine.tlog\cl.write.1.tlog
c:\users\vovka\workspace\riderprojects\vamosgameengine\vamosgameengine\x64\debug\vamosgameengine.tlog\link.command.1.tlog
c:\users\vovka\workspace\riderprojects\vamosgameengine\vamosgameengine\x64\debug\vamosgameengine.tlog\link.read.1.tlog
c:\users\vovka\workspace\riderprojects\vamosgameengine\vamosgameengine\x64\debug\vamosgameengine.tlog\link.write.1.tlog
